<?xml version="1.0" encoding="UTF-8"?>
<!-- Generated by org.testng.reporters.JUnitXMLReporter -->
<testsuite ignored="0" hostname="DESKTOP-6P64TEG" failures="0" tests="4" name="Surefire test" time="0.049" errors="0" timestamp="2024-10-04T14:55:47 IST">
  <testcase classname="ContTest.ContactTest" name="createContTest" time="0.005"/>
  <testcase classname="ContTest.ContactTest" name="modifyContTest" time="0.001"/>
  <testcase classname="OrgModule.OrganisationTest" name="createOrgTest" time="0.001"/>
  <testcase classname="OrgModule.OrganisationTest" name="modifyOrgTest" time="0.0"/>
</testsuite> <!-- Surefire test -->
