<?xml version="1.0" encoding="UTF-8"?>
<testng-results ignored="0" total="4" passed="4" failed="0" skipped="0">
  <reporter-output>
  </reporter-output>
  <suite started-at="2024-10-04T14:55:47 IST" name="Surefire suite" finished-at="2024-10-04T14:55:47 IST" duration-ms="49">
    <groups>
    </groups>
    <test started-at="2024-10-04T14:55:47 IST" name="Surefire test" finished-at="2024-10-04T14:55:47 IST" duration-ms="49">
      <class name="ContTest.ContactTest">
        <test-method signature="createContTest()[pri:0, instance:ContTest.ContactTest@ec756bd]" started-at="2024-10-04T14:55:47 IST" name="createContTest" finished-at="2024-10-04T14:55:47 IST" duration-ms="5" status="PASS">
          <reporter-output>
          </reporter-output>
        </test-method> <!-- createContTest -->
        <test-method signature="modifyContTest()[pri:0, instance:ContTest.ContactTest@ec756bd]" started-at="2024-10-04T14:55:47 IST" name="modifyContTest" finished-at="2024-10-04T14:55:47 IST" duration-ms="1" status="PASS">
          <reporter-output>
          </reporter-output>
        </test-method> <!-- modifyContTest -->
      </class> <!-- ContTest.ContactTest -->
      <class name="OrgModule.OrganisationTest">
        <test-method signature="createOrgTest()[pri:0, instance:OrgModule.OrganisationTest@4c1d9d4b]" started-at="2024-10-04T14:55:47 IST" name="createOrgTest" finished-at="2024-10-04T14:55:47 IST" duration-ms="1" status="PASS">
          <reporter-output>
          </reporter-output>
        </test-method> <!-- createOrgTest -->
        <test-method signature="modifyOrgTest()[pri:0, instance:OrgModule.OrganisationTest@4c1d9d4b]" started-at="2024-10-04T14:55:47 IST" name="modifyOrgTest" finished-at="2024-10-04T14:55:47 IST" duration-ms="0" status="PASS">
          <reporter-output>
          </reporter-output>
        </test-method> <!-- modifyOrgTest -->
      </class> <!-- OrgModule.OrganisationTest -->
    </test> <!-- Surefire test -->
  </suite> <!-- Surefire suite -->
</testng-results>
