<?xml version="1.0" encoding="UTF-8"?>
<testsuite xmlns:xsi="http://www.w3.org/2001/XMLSchema-instance" xsi:noNamespaceSchemaLocation="https://maven.apache.org/surefire/maven-surefire-plugin/xsd/surefire-test-report-3.0.xsd" version="3.0" name="TestSuite" time="0.516" tests="4" errors="0" skipped="0" failures="0">
  <properties>
[...]
</properties>
  <testcase name="createContTest" classname="ContTest.ContactTest" time="0.008">
    <system-out><![CDATA[http://localhost:8888/
chrome
admin
admin
Create Contact
]]></system-out>
    <system-err><![CDATA[SLF4J: Failed to load class "org.slf4j.impl.StaticLoggerBinder".
SLF4J: Defaulting to no-operation (NOP) logger implementation
SLF4J: See http://www.slf4j.org/codes.html#StaticLoggerBinder for further details.
]]></system-err>
  </testcase>
  <testcase name="modifyContTest" classname="ContTest.ContactTest" time="0.002">
    <system-out><![CDATA[Modify Contact
]]></system-out>
  </testcase>
  <testcase name="createOrgTest" classname="OrgModule.OrganisationTest" time="0.004">
    <system-out><![CDATA[Create ORG
]]></system-out>
  </testcase>
  <testcase name="modifyOrgTest" classname="OrgModule.OrganisationTest" time="0.0">
    <system-out><![CDATA[Modify ORG
]]></system-out>
  </testcase>
</testsuite>